# JRE version: OpenJDK Runtime Environment Microsoft-8035246 (17.0.8+7) (build 17.0.8+7-LTS)
# Java VM: OpenJDK 64-Bit Server VM Microsoft-8035246 (17.0.8+7-LTS, mixed mode, sharing, tiered, compressed oops, compressed class ptrs, g1 gc, windows-amd64)
GC Precious Log:
 CPUs: 8 total, 8 available
 Memory: 16232M
 Large Page Support: Disabled
 NUMA Support: Disabled
 Compressed Oops: Enabled (32-bit)
 Heap Region Size: 1M
 Heap Min Capacity: 8M
 Heap Initial Capacity: 254M
 Heap Max Capacity: 2G
 Pre-touch: Disabled
 Parallel Workers: 8
 Concurrent Workers: 2
 Concurrent Refinement Workers: 8
 Periodic GC: Disabled
Heap:
 garbage-first heap   total 244736K, used 180940K [0x0000000080000000, 0x0000000100000000)
  region size 1024K, 40 young (40960K), 8 survivors (8192K)
 Metaspace       used 103014K, committed 104128K, reserved 557056K
  class space    used 14391K, committed 14912K, reserved 425984K
GC Heap History (20 events):
Event: 110.503 GC heap before
{Heap before GC invocations=44 (full 0):
 garbage-first heap   total 153600K, used 95677K [0x0000000080000000, 0x0000000100000000)
  region size 1024K, 7 young (7168K), 3 survivors (3072K)
 Metaspace       used 81879K, committed 82752K, reserved 557056K
  class space    used 11310K, committed 11712K, reserved 425984K
}
Event: 110.509 GC heap after
{Heap after GC invocations=45 (full 0):
 garbage-first heap   total 153600K, used 93055K [0x0000000080000000, 0x0000000100000000)
  region size 1024K, 1 young (1024K), 1 survivors (1024K)
 Metaspace       used 81879K, committed 82752K, reserved 557056K
  class space    used 11310K, committed 11712K, reserved 425984K
}
Event: 110.586 GC heap before
{Heap before GC invocations=45 (full 0):
 garbage-first heap   total 153600K, used 95103K [0x0000000080000000, 0x0000000100000000)
  region size 1024K, 4 young (4096K), 1 survivors (1024K)
 Metaspace       used 81884K, committed 82752K, reserved 557056K
  class space    used 11311K, committed 11712K, reserved 425984K
}
Event: 110.590 GC heap after
{Heap after GC invocations=46 (full 0):
 garbage-first heap   total 153600K, used 95007K [0x0000000080000000, 0x0000000100000000)
  region size 1024K, 3 young (3072K), 3 survivors (3072K)
 Metaspace       used 81884K, committed 82752K, reserved 557056K
  class space    used 11311K, committed 11712K, reserved 425984K
}
Event: 111.137 GC heap before
{Heap before GC invocations=47 (full 0):
 garbage-first heap   total 171008K, used 117535K [0x0000000080000000, 0x0000000100000000)
  region size 1024K, 23 young (23552K), 3 survivors (3072K)
 Metaspace       used 83129K, committed 83968K, reserved 557056K
  class space    used 11480K, committed 11904K, reserved 425984K
}
Event: 111.142 GC heap after
{Heap after GC invocations=48 (full 0):
 garbage-first heap   total 171008K, used 95366K [0x0000000080000000, 0x0000000100000000)
  region size 1024K, 2 young (2048K), 2 survivors (2048K)
 Metaspace       used 83129K, committed 83968K, reserved 557056K
  class space    used 11480K, committed 11904K, reserved 425984K
}
Event: 111.286 GC heap before
{Heap before GC invocations=48 (full 0):
 garbage-first heap   total 171008K, used 101510K [0x0000000080000000, 0x0000000100000000)
  region size 1024K, 8 young (8192K), 2 survivors (2048K)
 Metaspace       used 83513K, committed 84288K, reserved 557056K
  class space    used 11532K, committed 11904K, reserved 425984K
}
Event: 111.292 GC heap after
{Heap after GC invocations=49 (full 0):
 garbage-first heap   total 244736K, used 95295K [0x0000000080000000, 0x0000000100000000)
  region size 1024K, 1 young (1024K), 1 survivors (1024K)
 Metaspace       used 83513K, committed 84288K, reserved 557056K
  class space    used 11532K, committed 11904K, reserved 425984K
}
Event: 124.530 GC heap before
{Heap before GC invocations=49 (full 0):
 garbage-first heap   total 244736K, used 161855K [0x0000000080000000, 0x0000000100000000)
  region size 1024K, 66 young (67584K), 1 survivors (1024K)
 Metaspace       used 88119K, committed 88960K, reserved 557056K
  class space    used 12146K, committed 12544K, reserved 425984K
}
Event: 124.539 GC heap after
{Heap after GC invocations=50 (full 0):
 garbage-first heap   total 244736K, used 98712K [0x0000000080000000, 0x0000000100000000)
  region size 1024K, 4 young (4096K), 4 survivors (4096K)
 Metaspace       used 88119K, committed 88960K, reserved 557056K
  class space    used 12146K, committed 12544K, reserved 425984K
}
Event: 126.367 GC heap before
{Heap before GC invocations=50 (full 0):
 garbage-first heap   total 244736K, used 169368K [0x0000000080000000, 0x0000000100000000)
  region size 1024K, 73 young (74752K), 4 survivors (4096K)
 Metaspace       used 90205K, committed 91072K, reserved 557056K
  class space    used 12451K, committed 12864K, reserved 425984K
}
Event: 126.378 GC heap after
{Heap after GC invocations=51 (full 0):
 garbage-first heap   total 244736K, used 103347K [0x0000000080000000, 0x0000000100000000)
  region size 1024K, 9 young (9216K), 9 survivors (9216K)
 Metaspace       used 90205K, committed 91072K, reserved 557056K
  class space    used 12451K, committed 12864K, reserved 425984K
}
Event: 128.294 GC heap before
{Heap before GC invocations=51 (full 0):
 garbage-first heap   total 244736K, used 176051K [0x0000000080000000, 0x0000000100000000)
  region size 1024K, 80 young (81920K), 9 survivors (9216K)
 Metaspace       used 95125K, committed 96000K, reserved 557056K
  class space    used 13293K, committed 13696K, reserved 425984K
}
Event: 128.308 GC heap after
{Heap after GC invocations=52 (full 0):
 garbage-first heap   total 244736K, used 105815K [0x0000000080000000, 0x0000000100000000)
  region size 1024K, 7 young (7168K), 7 survivors (7168K)
 Metaspace       used 95125K, committed 96000K, reserved 557056K
  class space    used 13293K, committed 13696K, reserved 425984K
}
Event: 131.406 GC heap before
{Heap before GC invocations=52 (full 0):
 garbage-first heap   total 244736K, used 182615K [0x0000000080000000, 0x0000000100000000)
  region size 1024K, 82 young (83968K), 7 survivors (7168K)
 Metaspace       used 98569K, committed 99520K, reserved 557056K
  class space    used 13798K, committed 14272K, reserved 425984K
}
Event: 131.430 GC heap after
{Heap after GC invocations=53 (full 0):
 garbage-first heap   total 244736K, used 113796K [0x0000000080000000, 0x0000000100000000)
  region size 1024K, 11 young (11264K), 11 survivors (11264K)
 Metaspace       used 98569K, committed 99520K, reserved 557056K
  class space    used 13798K, committed 14272K, reserved 425984K
}
Event: 133.810 GC heap before
{Heap before GC invocations=53 (full 0):
 garbage-first heap   total 244736K, used 190596K [0x0000000080000000, 0x0000000100000000)
  region size 1024K, 82 young (83968K), 11 survivors (11264K)
 Metaspace       used 99833K, committed 100800K, reserved 557056K
  class space    used 13946K, committed 14400K, reserved 425984K
}
Event: 133.834 GC heap after
{Heap after GC invocations=54 (full 0):
 garbage-first heap   total 244736K, used 135538K [0x0000000080000000, 0x0000000100000000)
  region size 1024K, 11 young (11264K), 11 survivors (11264K)
 Metaspace       used 99833K, committed 100800K, reserved 557056K
  class space    used 13946K, committed 14400K, reserved 425984K
}
Event: 135.856 GC heap before
{Heap before GC invocations=54 (full 0):
 garbage-first heap   total 244736K, used 190834K [0x0000000080000000, 0x0000000100000000)
  region size 1024K, 63 young (64512K), 11 survivors (11264K)
 Metaspace       used 100870K, committed 101952K, reserved 557056K
  class space    used 14117K, committed 14592K, reserved 425984K
}
Event: 135.874 GC heap after
{Heap after GC invocations=55 (full 0):
 garbage-first heap   total 244736K, used 149196K [0x0000000080000000, 0x0000000100000000)
  region size 1024K, 8 young (8192K), 8 survivors (8192K)
 Metaspace       used 100870K, committed 101952K, reserved 557056K
  class space    used 14117K, committed 14592K, reserved 425984K
}

